-------------------------------------------------------------------------
6/26/2019 12:49:48 PM |INFO| Reading the view data. 
-------------------------------------------------------------------------
4337877|SG.ITIS-AP-SOM-STUCK ORDERS|
4345669|SG.ITIS-AP-SOM-STUCK ORDERS|
4360189|SG.ITIS-AP-SOM-STUCK ORDERS|
4383526|SG.ITIS-AP-SOM-STUCK ORDERS|
4388852|SG.ITIS-AP-SOM-STUCK ORDERS|
4389249|SG.ITIS-AP-SOM-STUCK ORDERS|
4416002|SG.ITIS-AP-SOM-STUCK ORDERS|
4416549|SG.ITIS-AP-SOM-STUCK ORDERS|
4416549|SG.ITIS-AP-SOM-STUCK ORDERS|
4417786|SG.ITIS-AP-SOM-STUCK ORDERS|
4419105|SG.ITIS-AP-SOM-STUCK ORDERS|
4419902|SG.ITIS-AP-SOM-STUCK ORDERS|
4421428|SG.ITIS-AP-SOM-STUCK ORDERS|
4425714|SG.ITIS-AP-SOM-STUCK ORDERS|
4429017|SG.ITIS-AP-SOM-STUCK ORDERS|
4432119|SG.ITIS-AP-SOM-STUCK ORDERS|
4432435|SG.ITIS-AP-SOM-STUCK ORDERS|
4433217|SG.ITIS-AP-SOM-STUCK ORDERS|
4435182|SG.ITIS-AP-SOM-STUCK ORDERS|
4436857|SG.ITIS-AP-SOM-STUCK ORDERS|
4437302|SG.ITIS-AP-SOM-STUCK ORDERS|
4437637|SG.ITIS-AP-SOM-STUCK ORDERS|
4440411|SG.ITIS-AP-SOM-STUCK ORDERS|
4441974|SG.ITIS-AP-SOM-STUCK ORDERS|
4444186|SG.ITIS-AP-SOM-STUCK ORDERS|
4444348|SG.ITIS-AP-SOM-STUCK ORDERS|
4445012|SG.ITIS-AP-SOM-STUCK ORDERS|
4445547|SG.ITIS-AP-SOM-STUCK ORDERS|
4448226|SG.ITIS-AP-SOM-STUCK ORDERS|
4449699|SG.ITIS-AP-SOM-STUCK ORDERS|
4449729|SG.ITIS-AP-SOM-STUCK ORDERS|
4451201|SG.ITIS-AP-SOM-STUCK ORDERS|
4455199|SG.ITIS-AP-SOM-STUCK ORDERS|
4457664|SG.ITIS-AP-SOM-STUCK ORDERS|
4459719|SG.ITIS-AP-SOM-STUCK ORDERS|
4460375|SG.ITIS-AP-SOM-STUCK ORDERS|
4468479|SG.ITIS-AP-SOM-STUCK ORDERS|
4471424|SG.ITIS-AP-SOM-STUCK ORDERS|
4473135|SG.ITIS-AP-SOM-STUCK ORDERS|
4473322|SG.ITIS-AP-SOM-STUCK ORDERS|
4474374|SG.ITIS-AP-SOM-STUCK ORDERS|
4474600|SG.ITIS-AP-SOM-STUCK ORDERS|
4475195|SG.ITIS-AP-SOM-STUCK ORDERS|
4475776|SG.ITIS-AP-SOM-STUCK ORDERS|
4476039|SG.ITIS-AP-SOM-STUCK ORDERS|
4480624|SG.ITIS-AP-SOM-STUCK ORDERS|
4485614|SG.ITIS-AP-SOM-STUCK ORDERS|
4487403|SG.ITIS-AP-SOM-STUCK ORDERS|
4491492|SG.ITIS-AP-SOM-STUCK ORDERS|
4493550|SG.ITIS-AP-SOM-STUCK ORDERS|
4495129|SG.ITIS-AP-SOM-STUCK ORDERS|
4497032|SG.ITIS-AP-SOM-STUCK ORDERS|
4507036|SG.ITIS-AP-SOM-STUCK ORDERS|
4507334|SG.ITIS-AP-SOM-STUCK ORDERS|
4507593|SG.ITIS-AP-SOM-STUCK ORDERS|
4509442|SG.ITIS-AP-SOM-STUCK ORDERS|
4510594|SG.ITIS-AP-SOM-STUCK ORDERS|
4511834|SG.ITIS-AP-SOM-STUCK ORDERS|
4513897|SG.ITIS-AP-SOM-STUCK ORDERS|
4514435|SG.ITIS-AP-SOM-STUCK ORDERS|
4514987|SG.ITIS-AP-SOM-STUCK ORDERS|
4518031|SG.ITIS-AP-SOM-STUCK ORDERS|
4519743|SG.ITIS-AP-SOM-STUCK ORDERS|
-------------------------------------------------------------------------
TOTAL [63]

-------------------------------------------------------------------------
6/26/2019 12:49:59 PM |INFO| Transfer the Tickets 
-------------------------------------------------------------------------
4337877|Group: cnt:D12D0986006EC04697FAC45FADF18A67|Assignee: 
Wait [2000] Milli Secs
4345669|Group: cnt:D12D0986006EC04697FAC45FADF18A67|Assignee: 
Wait [2000] Milli Secs
4360189|Group: cnt:D12D0986006EC04697FAC45FADF18A67|Assignee: 
Wait [2000] Milli Secs
4383526|Group: cnt:D12D0986006EC04697FAC45FADF18A67|Assignee: 
Wait [2000] Milli Secs
4388852|Group: cnt:D12D0986006EC04697FAC45FADF18A67|Assignee: 
Wait [2000] Milli Secs
4389249|Group: cnt:D12D0986006EC04697FAC45FADF18A67|Assignee: 
Wait [2000] Milli Secs
4416002|Group: cnt:D12D0986006EC04697FAC45FADF18A67|Assignee: 
Wait [2000] Milli Secs
4416549|Group: cnt:D12D0986006EC04697FAC45FADF18A67|Assignee: 
Wait [2000] Milli Secs
4416549|Group: cnt:D12D0986006EC04697FAC45FADF18A67|Assignee: 
Wait [2000] Milli Secs
4417786|Group: cnt:D12D0986006EC04697FAC45FADF18A67|Assignee: 
Wait [2000] Milli Secs
4419105|Group: cnt:D12D0986006EC04697FAC45FADF18A67|Assignee: 
Wait [2000] Milli Secs
4419902|Group: cnt:D12D0986006EC04697FAC45FADF18A67|Assignee: 
Wait [2000] Milli Secs
4421428|Group: cnt:D12D0986006EC04697FAC45FADF18A67|Assignee: 
Wait [2000] Milli Secs
4425714|Group: cnt:D12D0986006EC04697FAC45FADF18A67|Assignee: 
Wait [2000] Milli Secs
4429017|Group: cnt:D12D0986006EC04697FAC45FADF18A67|Assignee: 
Wait [2000] Milli Secs
4432119|Group: cnt:D12D0986006EC04697FAC45FADF18A67|Assignee: 
Wait [2000] Milli Secs
4432435|Group: cnt:D12D0986006EC04697FAC45FADF18A67|Assignee: 
Wait [2000] Milli Secs
4433217|Group: cnt:D12D0986006EC04697FAC45FADF18A67|Assignee: 
Wait [2000] Milli Secs
4435182|Group: cnt:D12D0986006EC04697FAC45FADF18A67|Assignee: 
Wait [2000] Milli Secs
4436857|Group: cnt:D12D0986006EC04697FAC45FADF18A67|Assignee: 
Wait [2000] Milli Secs
4437302|Group: cnt:D12D0986006EC04697FAC45FADF18A67|Assignee: 
Wait [2000] Milli Secs
4437637|Group: cnt:D12D0986006EC04697FAC45FADF18A67|Assignee: 
Wait [2000] Milli Secs
4440411|Group: cnt:D12D0986006EC04697FAC45FADF18A67|Assignee: 
Wait [2000] Milli Secs
4441974|Group: cnt:D12D0986006EC04697FAC45FADF18A67|Assignee: 
Wait [2000] Milli Secs
4444186|Group: cnt:D12D0986006EC04697FAC45FADF18A67|Assignee: 
Wait [2000] Milli Secs
4444348|Group: cnt:D12D0986006EC04697FAC45FADF18A67|Assignee: 
Wait [2000] Milli Secs
4445012|Group: cnt:D12D0986006EC04697FAC45FADF18A67|Assignee: 
Wait [2000] Milli Secs
4445547|Group: cnt:D12D0986006EC04697FAC45FADF18A67|Assignee: 
Wait [2000] Milli Secs
4448226|Group: cnt:D12D0986006EC04697FAC45FADF18A67|Assignee: 
Wait [2000] Milli Secs
4449699|Group: cnt:D12D0986006EC04697FAC45FADF18A67|Assignee: 
Wait [2000] Milli Secs
4449729|Group: cnt:D12D0986006EC04697FAC45FADF18A67|Assignee: 
Wait [2000] Milli Secs
4451201|Group: cnt:D12D0986006EC04697FAC45FADF18A67|Assignee: 
Wait [2000] Milli Secs
4455199|Group: cnt:D12D0986006EC04697FAC45FADF18A67|Assignee: 
Wait [2000] Milli Secs
4457664|Group: cnt:D12D0986006EC04697FAC45FADF18A67|Assignee: 
Wait [2000] Milli Secs
4459719|Group: cnt:D12D0986006EC04697FAC45FADF18A67|Assignee: 
Wait [2000] Milli Secs
4460375|Group: cnt:D12D0986006EC04697FAC45FADF18A67|Assignee: 
Wait [2000] Milli Secs
4468479|Group: cnt:D12D0986006EC04697FAC45FADF18A67|Assignee: 
Wait [2000] Milli Secs
4471424|Group: cnt:D12D0986006EC04697FAC45FADF18A67|Assignee: 
Wait [2000] Milli Secs
4473135|Group: cnt:D12D0986006EC04697FAC45FADF18A67|Assignee: 
Wait [2000] Milli Secs
4473322|Group: cnt:D12D0986006EC04697FAC45FADF18A67|Assignee: 
Wait [2000] Milli Secs
4474374|Group: cnt:D12D0986006EC04697FAC45FADF18A67|Assignee: 
Wait [2000] Milli Secs
4474600|Group: cnt:D12D0986006EC04697FAC45FADF18A67|Assignee: 
Wait [2000] Milli Secs
4475195|Group: cnt:D12D0986006EC04697FAC45FADF18A67|Assignee: 
Wait [2000] Milli Secs
4475776|Group: cnt:D12D0986006EC04697FAC45FADF18A67|Assignee: 
Wait [2000] Milli Secs
4476039|Group: cnt:D12D0986006EC04697FAC45FADF18A67|Assignee: 
Wait [2000] Milli Secs
4480624|Group: cnt:D12D0986006EC04697FAC45FADF18A67|Assignee: 
Wait [2000] Milli Secs
4485614|Group: cnt:D12D0986006EC04697FAC45FADF18A67|Assignee: 
Wait [2000] Milli Secs
4487403|Group: cnt:D12D0986006EC04697FAC45FADF18A67|Assignee: 
Wait [2000] Milli Secs
4491492|Group: cnt:D12D0986006EC04697FAC45FADF18A67|Assignee: 
Wait [2000] Milli Secs
4493550|Group: cnt:D12D0986006EC04697FAC45FADF18A67|Assignee: 
Wait [2000] Milli Secs
4495129|Group: cnt:D12D0986006EC04697FAC45FADF18A67|Assignee: 
Wait [2000] Milli Secs
4497032|Group: cnt:D12D0986006EC04697FAC45FADF18A67|Assignee: 
Wait [2000] Milli Secs
4507036|Group: cnt:D12D0986006EC04697FAC45FADF18A67|Assignee: 
Wait [2000] Milli Secs
4507334|Group: cnt:D12D0986006EC04697FAC45FADF18A67|Assignee: 
Wait [2000] Milli Secs
4507593|Group: cnt:D12D0986006EC04697FAC45FADF18A67|Assignee: 
Wait [2000] Milli Secs
4509442|Group: cnt:D12D0986006EC04697FAC45FADF18A67|Assignee: 
Wait [2000] Milli Secs
4510594|Group: cnt:D12D0986006EC04697FAC45FADF18A67|Assignee: 
Wait [2000] Milli Secs
4511834|Group: cnt:D12D0986006EC04697FAC45FADF18A67|Assignee: 
Wait [2000] Milli Secs
4513897|Group: cnt:D12D0986006EC04697FAC45FADF18A67|Assignee: 
Wait [2000] Milli Secs
4514435|Group: cnt:D12D0986006EC04697FAC45FADF18A67|Assignee: 
Wait [2000] Milli Secs
4514987|Group: cnt:D12D0986006EC04697FAC45FADF18A67|Assignee: 
Wait [2000] Milli Secs
4518031|Group: cnt:D12D0986006EC04697FAC45FADF18A67|Assignee: 
Wait [2000] Milli Secs
4519743|Group: cnt:D12D0986006EC04697FAC45FADF18A67|Assignee: 
Wait [2000] Milli Secs
-------------------------------------------------------------------------
Logout SID [295105537]
-------------------------------------------------------------------------
