-------------------------------------------------------------------------
7/4/2019 3:19:44 PM |INFO| Reading the view data. 
-------------------------------------------------------------------------
4314232|SG.ITIS-AP-SOM-STUCK ORDERS|
4316027|SG.ITIS-AP-SOM-STUCK ORDERS|
4367403|SG.ITIS-AP-SOM-STUCK ORDERS|
4430769|SG.ITIS-AP-SOM-STUCK ORDERS|
4430803|SG.ITIS-AP-SOM-STUCK ORDERS|
4445012|SG.ITIS-AP-SOM-STUCK ORDERS|
4449631|SG.ITIS-AP-SOM-STUCK ORDERS|
4449699|SG.ITIS-AP-SOM-STUCK ORDERS|
4455288|SG.ITIS-AP-SOM-STUCK ORDERS|
4479680|SG.ITIS-AP-SOM-STUCK ORDERS|
4484061|SG.ITIS-AP-SOM-STUCK ORDERS|
4489299|SG.ITIS-AP-SOM-STUCK ORDERS|
4494901|SG.ITIS-AP-SOM-STUCK ORDERS|
4506484|SG.ITIS-AP-SOM-STUCK ORDERS|
4507036|SG.ITIS-AP-SOM-STUCK ORDERS|
4509565|SG.ITIS-AP-SOM-STUCK ORDERS|
4510896|SG.ITIS-AP-SOM-STUCK ORDERS|
4518806|SG.ITIS-AP-SOM-STUCK ORDERS|
4520952|SG.ITIS-AP-SOM-STUCK ORDERS|
4521047|SG.ITIS-AP-SOM-STUCK ORDERS|
4573914|SG.ITIS-AP-SOM-CANCEL-ORDERS|KrugerM2
-------------------------------------------------------------------------
TOTAL [21]

-------------------------------------------------------------------------
7/4/2019 3:19:58 PM |INFO| Transfer the Tickets 
-------------------------------------------------------------------------
4314232|Group: cnt:D12D0986006EC04697FAC45FADF18A67|Assignee: 
Wait [2000] Milli Secs
4316027|Group: cnt:D12D0986006EC04697FAC45FADF18A67|Assignee: 
Wait [2000] Milli Secs
4367403|Group: cnt:D12D0986006EC04697FAC45FADF18A67|Assignee: 
Wait [2000] Milli Secs
4430769|Group: cnt:D12D0986006EC04697FAC45FADF18A67|Assignee: 
Wait [2000] Milli Secs
4430803|Group: cnt:D12D0986006EC04697FAC45FADF18A67|Assignee: 
Wait [2000] Milli Secs
4445012|Group: cnt:D12D0986006EC04697FAC45FADF18A67|Assignee: 
Wait [2000] Milli Secs
4449631|Group: cnt:D12D0986006EC04697FAC45FADF18A67|Assignee: 
Wait [2000] Milli Secs
4449699|Group: cnt:D12D0986006EC04697FAC45FADF18A67|Assignee: 
Wait [2000] Milli Secs
4455288|Group: cnt:D12D0986006EC04697FAC45FADF18A67|Assignee: 
Wait [2000] Milli Secs
4479680|Group: cnt:D12D0986006EC04697FAC45FADF18A67|Assignee: 
Wait [2000] Milli Secs
4484061|Group: cnt:D12D0986006EC04697FAC45FADF18A67|Assignee: 
Wait [2000] Milli Secs
4489299|Group: cnt:D12D0986006EC04697FAC45FADF18A67|Assignee: 
Wait [2000] Milli Secs
4494901|Group: cnt:D12D0986006EC04697FAC45FADF18A67|Assignee: 
Wait [2000] Milli Secs
4506484|Group: cnt:D12D0986006EC04697FAC45FADF18A67|Assignee: 
Wait [2000] Milli Secs
4507036|Group: cnt:D12D0986006EC04697FAC45FADF18A67|Assignee: 
Wait [2000] Milli Secs
4509565|Group: cnt:D12D0986006EC04697FAC45FADF18A67|Assignee: 
Wait [2000] Milli Secs
4510896|Group: cnt:D12D0986006EC04697FAC45FADF18A67|Assignee: 
Wait [2000] Milli Secs
4518806|Group: cnt:D12D0986006EC04697FAC45FADF18A67|Assignee: 
Wait [2000] Milli Secs
4520952|Group: cnt:D12D0986006EC04697FAC45FADF18A67|Assignee: 
Wait [2000] Milli Secs
4521047|Group: cnt:D12D0986006EC04697FAC45FADF18A67|Assignee: 
Wait [2000] Milli Secs
4573914|Group: cnt:062108A3C02E8C4A8518C76E9FEB69BE|Assignee: cnt:3F52205C2CB0574A9253E3B5BB5340EB
Wait [2000] Milli Secs
-------------------------------------------------------------------------
Logout SID [1424657050]
-------------------------------------------------------------------------
