-------------------------------------------------------------------------
7/1/2019 8:50:08 AM |INFO| Reading the view data. 
-------------------------------------------------------------------------
4292321|SG.ITIS-AP-SOM-STUCK ORDERS|
4292321|SG.ITIS-AP-SOM-STUCK ORDERS|
4359097|SG.ITIS-AP-SOM-STUCK ORDERS|
4363192|SG.ITIS-AP-SOM-STUCK ORDERS|
4365226|SG.ITIS-AP-SOM-STUCK ORDERS|
4371152|SG.ITIS-AP-SOM-STUCK ORDERS|
4374151|SG.ITIS-AP-SOM-STUCK ORDERS|
4425714|SG.ITIS-AP-SOM-STUCK ORDERS|
4433217|SG.ITIS-AP-SOM-STUCK ORDERS|
4460141|SG.ITIS-AP-SOM-STUCK ORDERS|
4472290|SG.ITIS-AP-SOM-STUCK ORDERS|
4473322|SG.ITIS-AP-SOM-STUCK ORDERS|
4474374|SG.ITIS-AP-SOM-STUCK ORDERS|
4474625|SG.ITIS-AP-SOM-STUCK ORDERS|
4475776|SG.ITIS-AP-SOM-STUCK ORDERS|
4476039|SG.ITIS-AP-SOM-STUCK ORDERS|
4482281|SG.ITIS-AP-SOM-STUCK ORDERS|
4487403|SG.ITIS-AP-SOM-STUCK ORDERS|
4488199|SG.ITIS-AP-SOM-STUCK ORDERS|
4492040|SG.ITIS-AP-SOM-STUCK ORDERS|
4493550|SG.ITIS-AP-SOM-STUCK ORDERS|
4497032|SG.ITIS-AP-SOM-STUCK ORDERS|
4499464|SG.ITIS-AP-SOM-STUCK ORDERS|
4501905|SG.ITIS-AP-SOM-STUCK ORDERS|
4506484|SG.ITIS-AP-SOM-STUCK ORDERS|
4507036|SG.ITIS-AP-SOM-STUCK ORDERS|
4509442|SG.ITIS-AP-SOM-STUCK ORDERS|
4519029|SG.ITIS-AP-SOM-STUCK ORDERS|
-------------------------------------------------------------------------
TOTAL [28]

-------------------------------------------------------------------------
7/1/2019 8:50:16 AM |INFO| Transfer the Tickets 
-------------------------------------------------------------------------
4292321|Group: cnt:D12D0986006EC04697FAC45FADF18A67|Assignee: 
Wait [2000] Milli Secs
4292321|Group: cnt:D12D0986006EC04697FAC45FADF18A67|Assignee: 
Wait [2000] Milli Secs
4359097|Group: cnt:D12D0986006EC04697FAC45FADF18A67|Assignee: 
Wait [2000] Milli Secs
4363192|Group: cnt:D12D0986006EC04697FAC45FADF18A67|Assignee: 
Wait [2000] Milli Secs
4365226|Group: cnt:D12D0986006EC04697FAC45FADF18A67|Assignee: 
Wait [2000] Milli Secs
4371152|Group: cnt:D12D0986006EC04697FAC45FADF18A67|Assignee: 
Wait [2000] Milli Secs
4374151|Group: cnt:D12D0986006EC04697FAC45FADF18A67|Assignee: 
Wait [2000] Milli Secs
4425714|Group: cnt:D12D0986006EC04697FAC45FADF18A67|Assignee: 
Wait [2000] Milli Secs
4433217|Group: cnt:D12D0986006EC04697FAC45FADF18A67|Assignee: 
Wait [2000] Milli Secs
4460141|Group: cnt:D12D0986006EC04697FAC45FADF18A67|Assignee: 
Wait [2000] Milli Secs
4472290|Group: cnt:D12D0986006EC04697FAC45FADF18A67|Assignee: 
Wait [2000] Milli Secs
4473322|Group: cnt:D12D0986006EC04697FAC45FADF18A67|Assignee: 
Wait [2000] Milli Secs
4474374|Group: cnt:D12D0986006EC04697FAC45FADF18A67|Assignee: 
Wait [2000] Milli Secs
4474625|Group: cnt:D12D0986006EC04697FAC45FADF18A67|Assignee: 
Wait [2000] Milli Secs
4475776|Group: cnt:D12D0986006EC04697FAC45FADF18A67|Assignee: 
Wait [2000] Milli Secs
4476039|Group: cnt:D12D0986006EC04697FAC45FADF18A67|Assignee: 
Wait [2000] Milli Secs
4482281|Group: cnt:D12D0986006EC04697FAC45FADF18A67|Assignee: 
Wait [2000] Milli Secs
4487403|Group: cnt:D12D0986006EC04697FAC45FADF18A67|Assignee: 
Wait [2000] Milli Secs
4488199|Group: cnt:D12D0986006EC04697FAC45FADF18A67|Assignee: 
Wait [2000] Milli Secs
4492040|Group: cnt:D12D0986006EC04697FAC45FADF18A67|Assignee: 
Wait [2000] Milli Secs
4493550|Group: cnt:D12D0986006EC04697FAC45FADF18A67|Assignee: 
Wait [2000] Milli Secs
4497032|Group: cnt:D12D0986006EC04697FAC45FADF18A67|Assignee: 
Wait [2000] Milli Secs
4499464|Group: cnt:D12D0986006EC04697FAC45FADF18A67|Assignee: 
Wait [2000] Milli Secs
4501905|Group: cnt:D12D0986006EC04697FAC45FADF18A67|Assignee: 
Wait [2000] Milli Secs
4506484|Group: cnt:D12D0986006EC04697FAC45FADF18A67|Assignee: 
Wait [2000] Milli Secs
4507036|Group: cnt:D12D0986006EC04697FAC45FADF18A67|Assignee: 
Wait [2000] Milli Secs
4509442|Group: cnt:D12D0986006EC04697FAC45FADF18A67|Assignee: 
Wait [2000] Milli Secs
4519029|Group: cnt:D12D0986006EC04697FAC45FADF18A67|Assignee: 
Wait [2000] Milli Secs
-------------------------------------------------------------------------
Logout SID [432350235]
-------------------------------------------------------------------------
