-------------------------------------------------------------------------
7/3/2019 2:06:54 PM |INFO| Reading the view data. 
-------------------------------------------------------------------------
4337877|SG.ITIS-AP-SOM-STUCK ORDERS|
4345669|SG.ITIS-AP-SOM-STUCK ORDERS|
4348969|SG.ITIS-AP-SOM-STUCK ORDERS|
4519029|SG.ITIS-AP-SOM-STUCK ORDERS|
-------------------------------------------------------------------------
TOTAL [4]

-------------------------------------------------------------------------
7/3/2019 2:07:00 PM |INFO| Transfer the Tickets 
-------------------------------------------------------------------------
4337877|Group: cnt:D12D0986006EC04697FAC45FADF18A67|Assignee: 
Wait [2000] Milli Secs
4345669|Group: cnt:D12D0986006EC04697FAC45FADF18A67|Assignee: 
Wait [2000] Milli Secs
4348969|Group: cnt:D12D0986006EC04697FAC45FADF18A67|Assignee: 
Wait [2000] Milli Secs
4519029|Group: cnt:D12D0986006EC04697FAC45FADF18A67|Assignee: 
Wait [2000] Milli Secs
-------------------------------------------------------------------------
Logout SID [186696545]
-------------------------------------------------------------------------
